0 info it worked if it ends with ok
1 verbose cli [ 'node', '/usr/local/bin/npm', 'install', 'phantomjs' ]
2 info using npm@1.3.5
3 info using node@v0.10.21
4 warn package.json vows@0.7.0 No repository field.
5 verbose readDependencies using package.json deps
6 verbose cache add [ 'phantomjs', null ]
7 verbose cache add name=undefined spec="phantomjs" args=["phantomjs",null]
8 verbose parsed url { protocol: null,
8 verbose parsed url   slashes: null,
8 verbose parsed url   auth: null,
8 verbose parsed url   host: null,
8 verbose parsed url   port: null,
8 verbose parsed url   hostname: null,
8 verbose parsed url   hash: null,
8 verbose parsed url   search: null,
8 verbose parsed url   query: null,
8 verbose parsed url   pathname: 'phantomjs',
8 verbose parsed url   path: 'phantomjs',
8 verbose parsed url   href: 'phantomjs' }
9 silly lockFile 30d7cd7d-phantomjs phantomjs
10 verbose lock phantomjs /Users/larchanka/.npm/30d7cd7d-phantomjs.lock
11 silly lockFile 30d7cd7d-phantomjs phantomjs
12 silly lockFile 30d7cd7d-phantomjs phantomjs
13 verbose addNamed [ 'phantomjs', '' ]
14 verbose addNamed [ null, '*' ]
15 silly lockFile 29cf7fd6-phantomjs phantomjs@
16 verbose lock phantomjs@ /Users/larchanka/.npm/29cf7fd6-phantomjs.lock
17 silly addNameRange { name: 'phantomjs', range: '*', hasData: false }
18 verbose url raw phantomjs
19 verbose url resolving [ 'https://registry.npmjs.org/', './phantomjs' ]
20 verbose url resolved https://registry.npmjs.org/phantomjs
21 info trying registry request attempt 1 at 17:07:26
22 verbose etag "6F10GY3F0X07HLWK7YAIWRZD0"
23 http GET https://registry.npmjs.org/phantomjs
24 http 304 https://registry.npmjs.org/phantomjs
25 silly registry.get cb [ 304,
25 silly registry.get   { server: 'CouchDB/1.5.0 (Erlang OTP/R15B03)',
25 silly registry.get     etag: '"6F10GY3F0X07HLWK7YAIWRZD0"',
25 silly registry.get     date: 'Tue, 03 Dec 2013 14:07:27 GMT',
25 silly registry.get     'content-length': '0' } ]
26 verbose etag phantomjs from cache
27 silly addNameRange number 2 { name: 'phantomjs', range: '*', hasData: true }
28 silly addNameRange versions [ 'phantomjs',
28 silly addNameRange   [ '0.0.1',
28 silly addNameRange     '0.0.2',
28 silly addNameRange     '0.0.3',
28 silly addNameRange     '0.0.4',
28 silly addNameRange     '0.0.5',
28 silly addNameRange     '0.0.6',
28 silly addNameRange     '0.0.7',
28 silly addNameRange     '0.0.8',
28 silly addNameRange     '0.0.9',
28 silly addNameRange     '0.1.0',
28 silly addNameRange     '0.1.1',
28 silly addNameRange     '0.2.0',
28 silly addNameRange     '0.2.1',
28 silly addNameRange     '0.2.2',
28 silly addNameRange     '0.2.3',
28 silly addNameRange     '0.2.4',
28 silly addNameRange     '0.2.5',
28 silly addNameRange     '0.2.6',
28 silly addNameRange     '1.8.0-1',
28 silly addNameRange     '1.8.1-1',
28 silly addNameRange     '1.8.1-2',
28 silly addNameRange     '1.8.1-3',
28 silly addNameRange     '1.8.2-0',
28 silly addNameRange     '1.8.2-1',
28 silly addNameRange     '1.8.2-2',
28 silly addNameRange     '1.9.0-0',
28 silly addNameRange     '1.9.0-1',
28 silly addNameRange     '1.9.0-2',
28 silly addNameRange     '1.9.0-3',
28 silly addNameRange     '1.9.0-4',
28 silly addNameRange     '1.9.0-5',
28 silly addNameRange     '1.9.0-6',
28 silly addNameRange     '1.9.1-0',
28 silly addNameRange     '1.9.1-2',
28 silly addNameRange     '1.9.1-3',
28 silly addNameRange     '1.9.1-4',
28 silly addNameRange     '1.9.1-5',
28 silly addNameRange     '1.9.1-6',
28 silly addNameRange     '1.9.1-7',
28 silly addNameRange     '1.9.1-8',
28 silly addNameRange     '1.9.1-9',
28 silly addNameRange     '1.9.2-0',
28 silly addNameRange     '1.9.2-1',
28 silly addNameRange     '1.9.2-2',
28 silly addNameRange     '1.9.2-3',
28 silly addNameRange     '1.9.2-4' ] ]
29 verbose addNamed [ 'phantomjs', '1.9.2-4' ]
30 verbose addNamed [ '1.9.2-4', '1.9.2-4' ]
31 silly lockFile d54764cb-phantomjs-1-9-2-4 phantomjs@1.9.2-4
32 verbose lock phantomjs@1.9.2-4 /Users/larchanka/.npm/d54764cb-phantomjs-1-9-2-4.lock
33 silly lockFile d54764cb-phantomjs-1-9-2-4 phantomjs@1.9.2-4
34 silly lockFile d54764cb-phantomjs-1-9-2-4 phantomjs@1.9.2-4
35 silly lockFile 29cf7fd6-phantomjs phantomjs@
36 silly lockFile 29cf7fd6-phantomjs phantomjs@
37 silly resolved [ { name: 'phantomjs',
37 silly resolved     version: '1.9.2-4',
37 silly resolved     keywords: [ 'phantomjs', 'headless', 'webkit' ],
37 silly resolved     description: 'Headless WebKit with JS API',
37 silly resolved     homepage: 'https://github.com/Obvious/phantomjs',
37 silly resolved     repository: { type: 'git', url: 'git://github.com/Obvious/phantomjs.git' },
37 silly resolved     licenses: [ [Object] ],
37 silly resolved     author:
37 silly resolved      { name: 'Dan Pupius',
37 silly resolved        email: 'dan@obvious.com',
37 silly resolved        url: 'http://pupius.co.uk' },
37 silly resolved     maintainers: [ [Object] ],
37 silly resolved     main: 'lib/phantomjs',
37 silly resolved     bin: { phantomjs: './bin/phantomjs' },
37 silly resolved     scripts:
37 silly resolved      { install: 'node install.js',
37 silly resolved        test: 'nodeunit --reporter=minimal test/tests.js' },
37 silly resolved     dependencies:
37 silly resolved      { 'adm-zip': '0.2.1',
37 silly resolved        kew: '~0.1.7',
37 silly resolved        ncp: '0.4.2',
37 silly resolved        npmconf: '0.0.24',
37 silly resolved        mkdirp: '0.3.5',
37 silly resolved        rimraf: '~2.2.2',
37 silly resolved        which: '~1.0.5' },
37 silly resolved     devDependencies: { nodeunit: '~0.7.4' },
37 silly resolved     readme: 'phantom\n=======\n\nAn NPM wrapper for [PhantomJS](http://phantomjs.org/), headless webkit with JS API.\n\nBuilding and Installing\n-----------------------\n\n```shell\nnpm install phantomjs\n```\n\nOr grab the source and\n\n```shell\nnode ./install.js\n```\n\nWhat this is really doing is just grabbing a particular "blessed" (by\nthis module) version of Phantom. As new versions of Phantom are released\nand vetted, this module will be updated accordingly.\n\nThe package has been set up to fetch and run Phantom for MacOS (darwin),\nLinux based platforms (as identified by nodejs), and -- as of version 0.2.0 --\nWindows (thanks to [Domenic Denicola](https://github.com/domenic)).  If you\nspot any platform weirdnesses, let us know or send a patch.\n\nRunning\n-------\n\n```shell\nbin/phantom [phantom arguments]\n```\n\nAnd npm will install a link to the binary in `node_modules/.bin` as\nit is wont to do.\n\nRunning via node\n----------------\n\nThe package exports a `path` string that contains the path to the\nphantomjs binary/executable.\n\nBelow is an example of using this package via node.\n\n```javascript\nvar childProcess = require(\'child_process\')\nvar phantomjs = require(\'phantomjs\')\nvar binPath = phantomjs.path\n\nvar childArgs = [\n  path.join(__dirname, \'phantomjs-script.js\'),\n  \'some other argument (passed to phantomjs script)\'\n]\n\nchildProcess.execFile(binPath, childArgs, function(err, stdout, stderr) {\n  // handle results\n})\n\n```\n\nVersioning\n----------\n\nThe NPM package version tracks the version of PhantomJS that will be installed,\nwith an additional build number that is used for revisions to the installer.\n\nAs such `1.8.0-1` will `1.8.0-2` will both install PhantomJs 1.8 but the latter\nhas newer changes to the installer.\n\nA Note on PhantomJS\n-------------------\n\nPhantomJS is not a library for NodeJS.  It\'s a separate environment and code\nwritten for node is unlikely to be compatible.  In particular PhantomJS does\nnot expose a Common JS package loader.\n\nThis is an _NPM wrapper_ and can be used to conveniently make Phantom available\nIt is not a Node JS wrapper.\n\nI have had reasonable experiences writing standalone Phantom scripts which I\nthen drive from within a node program by spawning phantom in a child process.\n\nRead the PhantomJS FAQ for more details: http://phantomjs.org/faq.html\n\n### Linux Note\n\nAn extra note on Linux usage, from the PhantomJS download page:\n\n > This package is built on CentOS 5.8. It should run successfully on Lucid or\n > more modern systems (including other distributions). There is no requirement\n > to install Qt, WebKit, or any other libraries. It is however expected that\n > some base libraries necessary for rendering (FreeType, Fontconfig) and the\n > basic font files are available in the system.\n\nContributing\n------------\n\nQuestions, comments, bug reports, and pull requests are all welcome.  Submit them at\n[the project on GitHub](https://github.com/Obvious/phantomjs/).  If you haven\'t contributed to an\n[Obvious](http://github.com/Obvious/) project before please head over to the\n[Open Source Project](https://github.com/Obvious/open-source#note-to-external-contributors) and fill\nout an OCLA (it should be pretty painless).\n\nBug reports that include steps-to-reproduce (including code) are the\nbest. Even better, make them in the form of pull requests.\n\nAuthor\n------\n\n[Dan Pupius](https://github.com/dpup)\n([personal website](http://pupius.co.uk)), supported by\n[The Obvious Corporation](http://obvious.com/).\n\nLicense\n-------\n\nCopyright 2012 [The Obvious Corporation](http://obvious.com/).\n\nLicensed under the Apache License, Version 2.0.\nSee the top-level file `LICENSE.txt` and\n(http://www.apache.org/licenses/LICENSE-2.0).\n',
37 silly resolved     readmeFilename: 'README.md',
37 silly resolved     bugs: { url: 'https://github.com/Obvious/phantomjs/issues' },
37 silly resolved     _id: 'phantomjs@1.9.2-4',
37 silly resolved     _from: 'phantomjs@' } ]
38 info install phantomjs@1.9.2-4 into /Users/larchanka/Documents/epam-projects/xframework
39 info installOne phantomjs@1.9.2-4
40 info /Users/larchanka/Documents/epam-projects/xframework/node_modules/phantomjs unbuild
41 verbose tar unpack /Users/larchanka/.npm/phantomjs/1.9.2-4/package.tgz
42 silly lockFile 770539fd-framework-node-modules-phantomjs tar:///Users/larchanka/Documents/epam-projects/xframework/node_modules/phantomjs
43 verbose lock tar:///Users/larchanka/Documents/epam-projects/xframework/node_modules/phantomjs /Users/larchanka/.npm/770539fd-framework-node-modules-phantomjs.lock
44 silly lockFile 96586ece-pm-phantomjs-1-9-2-4-package-tgz tar:///Users/larchanka/.npm/phantomjs/1.9.2-4/package.tgz
45 verbose lock tar:///Users/larchanka/.npm/phantomjs/1.9.2-4/package.tgz /Users/larchanka/.npm/96586ece-pm-phantomjs-1-9-2-4-package-tgz.lock
46 silly gunzTarPerm modes [ '755', '644' ]
47 silly gunzTarPerm extractEntry package.json
48 silly gunzTarPerm extractEntry .npmignore
49 silly gunzTarPerm extractEntry README.md
50 silly gunzTarPerm extractEntry install.js
51 silly gunzTarPerm extractEntry .jshintrc
52 silly gunzTarPerm extractEntry .travis.yml
53 silly gunzTarPerm extractEntry LICENSE.txt
54 silly gunzTarPerm extractEntry bin/phantomjs
55 silly gunzTarPerm extractEntry lib/phantomjs.js
56 silly gunzTarPerm extractEntry test/loadspeed.js
57 silly gunzTarPerm extractEntry test/tests.js
58 silly lockFile 770539fd-framework-node-modules-phantomjs tar:///Users/larchanka/Documents/epam-projects/xframework/node_modules/phantomjs
59 silly lockFile 770539fd-framework-node-modules-phantomjs tar:///Users/larchanka/Documents/epam-projects/xframework/node_modules/phantomjs
60 silly lockFile 96586ece-pm-phantomjs-1-9-2-4-package-tgz tar:///Users/larchanka/.npm/phantomjs/1.9.2-4/package.tgz
61 silly lockFile 96586ece-pm-phantomjs-1-9-2-4-package-tgz tar:///Users/larchanka/.npm/phantomjs/1.9.2-4/package.tgz
62 info preinstall phantomjs@1.9.2-4
63 verbose readDependencies using package.json deps
64 verbose readDependencies using package.json deps
65 verbose cache add [ 'ncp@0.4.2', null ]
66 verbose cache add name=undefined spec="ncp@0.4.2" args=["ncp@0.4.2",null]
67 verbose parsed url { protocol: null,
67 verbose parsed url   slashes: null,
67 verbose parsed url   auth: null,
67 verbose parsed url   host: null,
67 verbose parsed url   port: null,
67 verbose parsed url   hostname: null,
67 verbose parsed url   hash: null,
67 verbose parsed url   search: null,
67 verbose parsed url   query: null,
67 verbose parsed url   pathname: 'ncp@0.4.2',
67 verbose parsed url   path: 'ncp@0.4.2',
67 verbose parsed url   href: 'ncp@0.4.2' }
68 verbose cache add name="ncp" spec="0.4.2" args=["ncp","0.4.2"]
69 verbose parsed url { protocol: null,
69 verbose parsed url   slashes: null,
69 verbose parsed url   auth: null,
69 verbose parsed url   host: null,
69 verbose parsed url   port: null,
69 verbose parsed url   hostname: null,
69 verbose parsed url   hash: null,
69 verbose parsed url   search: null,
69 verbose parsed url   query: null,
69 verbose parsed url   pathname: '0.4.2',
69 verbose parsed url   path: '0.4.2',
69 verbose parsed url   href: '0.4.2' }
70 verbose addNamed [ 'ncp', '0.4.2' ]
71 verbose addNamed [ '0.4.2', '0.4.2' ]
72 silly lockFile e43cb36a-ncp-0-4-2 ncp@0.4.2
73 verbose lock ncp@0.4.2 /Users/larchanka/.npm/e43cb36a-ncp-0-4-2.lock
74 verbose cache add [ 'npmconf@0.0.24', null ]
75 verbose cache add name=undefined spec="npmconf@0.0.24" args=["npmconf@0.0.24",null]
76 verbose parsed url { protocol: null,
76 verbose parsed url   slashes: null,
76 verbose parsed url   auth: null,
76 verbose parsed url   host: null,
76 verbose parsed url   port: null,
76 verbose parsed url   hostname: null,
76 verbose parsed url   hash: null,
76 verbose parsed url   search: null,
76 verbose parsed url   query: null,
76 verbose parsed url   pathname: 'npmconf@0.0.24',
76 verbose parsed url   path: 'npmconf@0.0.24',
76 verbose parsed url   href: 'npmconf@0.0.24' }
77 verbose cache add name="npmconf" spec="0.0.24" args=["npmconf","0.0.24"]
78 verbose parsed url { protocol: null,
78 verbose parsed url   slashes: null,
78 verbose parsed url   auth: null,
78 verbose parsed url   host: null,
78 verbose parsed url   port: null,
78 verbose parsed url   hostname: null,
78 verbose parsed url   hash: null,
78 verbose parsed url   search: null,
78 verbose parsed url   query: null,
78 verbose parsed url   pathname: '0.0.24',
78 verbose parsed url   path: '0.0.24',
78 verbose parsed url   href: '0.0.24' }
79 verbose addNamed [ 'npmconf', '0.0.24' ]
80 verbose addNamed [ '0.0.24', '0.0.24' ]
81 silly lockFile af02651e-npmconf-0-0-24 npmconf@0.0.24
82 verbose lock npmconf@0.0.24 /Users/larchanka/.npm/af02651e-npmconf-0-0-24.lock
83 verbose cache add [ 'mkdirp@0.3.5', null ]
84 verbose cache add name=undefined spec="mkdirp@0.3.5" args=["mkdirp@0.3.5",null]
85 verbose parsed url { protocol: null,
85 verbose parsed url   slashes: null,
85 verbose parsed url   auth: null,
85 verbose parsed url   host: null,
85 verbose parsed url   port: null,
85 verbose parsed url   hostname: null,
85 verbose parsed url   hash: null,
85 verbose parsed url   search: null,
85 verbose parsed url   query: null,
85 verbose parsed url   pathname: 'mkdirp@0.3.5',
85 verbose parsed url   path: 'mkdirp@0.3.5',
85 verbose parsed url   href: 'mkdirp@0.3.5' }
86 verbose cache add name="mkdirp" spec="0.3.5" args=["mkdirp","0.3.5"]
87 verbose parsed url { protocol: null,
87 verbose parsed url   slashes: null,
87 verbose parsed url   auth: null,
87 verbose parsed url   host: null,
87 verbose parsed url   port: null,
87 verbose parsed url   hostname: null,
87 verbose parsed url   hash: null,
87 verbose parsed url   search: null,
87 verbose parsed url   query: null,
87 verbose parsed url   pathname: '0.3.5',
87 verbose parsed url   path: '0.3.5',
87 verbose parsed url   href: '0.3.5' }
88 verbose addNamed [ 'mkdirp', '0.3.5' ]
89 verbose addNamed [ '0.3.5', '0.3.5' ]
90 silly lockFile 67d2df2a-mkdirp-0-3-5 mkdirp@0.3.5
91 verbose lock mkdirp@0.3.5 /Users/larchanka/.npm/67d2df2a-mkdirp-0-3-5.lock
92 verbose url raw ncp/0.4.2
93 verbose url resolving [ 'https://registry.npmjs.org/', './ncp/0.4.2' ]
94 verbose url resolved https://registry.npmjs.org/ncp/0.4.2
95 info trying registry request attempt 1 at 17:07:28
96 verbose etag "CTLXK7P9SBQDFAJVRNF5JFB0S"
97 http GET https://registry.npmjs.org/ncp/0.4.2
98 verbose cache add [ 'which@~1.0.5', null ]
99 verbose cache add name=undefined spec="which@~1.0.5" args=["which@~1.0.5",null]
100 verbose parsed url { protocol: null,
100 verbose parsed url   slashes: null,
100 verbose parsed url   auth: null,
100 verbose parsed url   host: null,
100 verbose parsed url   port: null,
100 verbose parsed url   hostname: null,
100 verbose parsed url   hash: null,
100 verbose parsed url   search: null,
100 verbose parsed url   query: null,
100 verbose parsed url   pathname: 'which@~1.0.5',
100 verbose parsed url   path: 'which@~1.0.5',
100 verbose parsed url   href: 'which@~1.0.5' }
101 verbose cache add name="which" spec="~1.0.5" args=["which","~1.0.5"]
102 verbose parsed url { protocol: null,
102 verbose parsed url   slashes: null,
102 verbose parsed url   auth: null,
102 verbose parsed url   host: null,
102 verbose parsed url   port: null,
102 verbose parsed url   hostname: null,
102 verbose parsed url   hash: null,
102 verbose parsed url   search: null,
102 verbose parsed url   query: null,
102 verbose parsed url   pathname: '~1.0.5',
102 verbose parsed url   path: '~1.0.5',
102 verbose parsed url   href: '~1.0.5' }
103 verbose addNamed [ 'which', '~1.0.5' ]
104 verbose addNamed [ null, '>=1.0.5-0 <1.1.0-0' ]
105 silly lockFile d158d65e-which-1-0-5 which@~1.0.5
106 verbose lock which@~1.0.5 /Users/larchanka/.npm/d158d65e-which-1-0-5.lock
107 verbose cache add [ 'rimraf@~2.2.2', null ]
108 verbose cache add name=undefined spec="rimraf@~2.2.2" args=["rimraf@~2.2.2",null]
109 verbose parsed url { protocol: null,
109 verbose parsed url   slashes: null,
109 verbose parsed url   auth: null,
109 verbose parsed url   host: null,
109 verbose parsed url   port: null,
109 verbose parsed url   hostname: null,
109 verbose parsed url   hash: null,
109 verbose parsed url   search: null,
109 verbose parsed url   query: null,
109 verbose parsed url   pathname: 'rimraf@~2.2.2',
109 verbose parsed url   path: 'rimraf@~2.2.2',
109 verbose parsed url   href: 'rimraf@~2.2.2' }
110 verbose cache add name="rimraf" spec="~2.2.2" args=["rimraf","~2.2.2"]
111 verbose parsed url { protocol: null,
111 verbose parsed url   slashes: null,
111 verbose parsed url   auth: null,
111 verbose parsed url   host: null,
111 verbose parsed url   port: null,
111 verbose parsed url   hostname: null,
111 verbose parsed url   hash: null,
111 verbose parsed url   search: null,
111 verbose parsed url   query: null,
111 verbose parsed url   pathname: '~2.2.2',
111 verbose parsed url   path: '~2.2.2',
111 verbose parsed url   href: '~2.2.2' }
112 verbose addNamed [ 'rimraf', '~2.2.2' ]
113 verbose addNamed [ null, '>=2.2.2-0 <2.3.0-0' ]
114 silly lockFile 6c46433c-rimraf-2-2-2 rimraf@~2.2.2
115 verbose lock rimraf@~2.2.2 /Users/larchanka/.npm/6c46433c-rimraf-2-2-2.lock
116 verbose cache add [ 'adm-zip@0.2.1', null ]
117 verbose cache add name=undefined spec="adm-zip@0.2.1" args=["adm-zip@0.2.1",null]
118 verbose parsed url { protocol: null,
118 verbose parsed url   slashes: null,
118 verbose parsed url   auth: null,
118 verbose parsed url   host: null,
118 verbose parsed url   port: null,
118 verbose parsed url   hostname: null,
118 verbose parsed url   hash: null,
118 verbose parsed url   search: null,
118 verbose parsed url   query: null,
118 verbose parsed url   pathname: 'adm-zip@0.2.1',
118 verbose parsed url   path: 'adm-zip@0.2.1',
118 verbose parsed url   href: 'adm-zip@0.2.1' }
119 verbose cache add name="adm-zip" spec="0.2.1" args=["adm-zip","0.2.1"]
120 verbose parsed url { protocol: null,
120 verbose parsed url   slashes: null,
120 verbose parsed url   auth: null,
120 verbose parsed url   host: null,
120 verbose parsed url   port: null,
120 verbose parsed url   hostname: null,
120 verbose parsed url   hash: null,
120 verbose parsed url   search: null,
120 verbose parsed url   query: null,
120 verbose parsed url   pathname: '0.2.1',
120 verbose parsed url   path: '0.2.1',
120 verbose parsed url   href: '0.2.1' }
121 verbose addNamed [ 'adm-zip', '0.2.1' ]
122 verbose addNamed [ '0.2.1', '0.2.1' ]
123 silly lockFile 56d2b9bc-adm-zip-0-2-1 adm-zip@0.2.1
124 verbose lock adm-zip@0.2.1 /Users/larchanka/.npm/56d2b9bc-adm-zip-0-2-1.lock
125 verbose cache add [ 'kew@~0.1.7', null ]
126 verbose cache add name=undefined spec="kew@~0.1.7" args=["kew@~0.1.7",null]
127 verbose parsed url { protocol: null,
127 verbose parsed url   slashes: null,
127 verbose parsed url   auth: null,
127 verbose parsed url   host: null,
127 verbose parsed url   port: null,
127 verbose parsed url   hostname: null,
127 verbose parsed url   hash: null,
127 verbose parsed url   search: null,
127 verbose parsed url   query: null,
127 verbose parsed url   pathname: 'kew@~0.1.7',
127 verbose parsed url   path: 'kew@~0.1.7',
127 verbose parsed url   href: 'kew@~0.1.7' }
128 verbose cache add name="kew" spec="~0.1.7" args=["kew","~0.1.7"]
129 verbose parsed url { protocol: null,
129 verbose parsed url   slashes: null,
129 verbose parsed url   auth: null,
129 verbose parsed url   host: null,
129 verbose parsed url   port: null,
129 verbose parsed url   hostname: null,
129 verbose parsed url   hash: null,
129 verbose parsed url   search: null,
129 verbose parsed url   query: null,
129 verbose parsed url   pathname: '~0.1.7',
129 verbose parsed url   path: '~0.1.7',
129 verbose parsed url   href: '~0.1.7' }
130 verbose addNamed [ 'kew', '~0.1.7' ]
131 verbose addNamed [ null, '>=0.1.7-0 <0.2.0-0' ]
132 silly lockFile fbc33e87-kew-0-1-7 kew@~0.1.7
133 verbose lock kew@~0.1.7 /Users/larchanka/.npm/fbc33e87-kew-0-1-7.lock
134 verbose url raw npmconf/0.0.24
135 verbose url resolving [ 'https://registry.npmjs.org/', './npmconf/0.0.24' ]
136 verbose url resolved https://registry.npmjs.org/npmconf/0.0.24
137 info trying registry request attempt 1 at 17:07:28
138 verbose etag "2M1L5S2Y4XRACHBCGVJA5W7T2"
139 http GET https://registry.npmjs.org/npmconf/0.0.24
140 verbose url raw mkdirp/0.3.5
141 verbose url resolving [ 'https://registry.npmjs.org/', './mkdirp/0.3.5' ]
142 verbose url resolved https://registry.npmjs.org/mkdirp/0.3.5
143 info trying registry request attempt 1 at 17:07:28
144 verbose etag "BJW6Y47IQRG0LKTEZTQ7QWJAZ"
145 http GET https://registry.npmjs.org/mkdirp/0.3.5
146 silly addNameRange { name: 'which', range: '>=1.0.5-0 <1.1.0-0', hasData: false }
147 silly addNameRange { name: 'rimraf', range: '>=2.2.2-0 <2.3.0-0', hasData: false }
148 silly addNameRange { name: 'kew', range: '>=0.1.7-0 <0.2.0-0', hasData: false }
149 verbose url raw which
150 verbose url resolving [ 'https://registry.npmjs.org/', './which' ]
151 verbose url resolved https://registry.npmjs.org/which
152 info trying registry request attempt 1 at 17:07:28
153 verbose etag "DYG9ETXJYD9G5Z4Q69B1N6ASJ"
154 http GET https://registry.npmjs.org/which
155 verbose url raw rimraf
156 verbose url resolving [ 'https://registry.npmjs.org/', './rimraf' ]
157 verbose url resolved https://registry.npmjs.org/rimraf
158 info trying registry request attempt 1 at 17:07:28
159 verbose etag "AK5Y26BBP3KU4JX9XTR0E0FIZ"
160 http GET https://registry.npmjs.org/rimraf
161 verbose url raw adm-zip/0.2.1
162 verbose url resolving [ 'https://registry.npmjs.org/', './adm-zip/0.2.1' ]
163 verbose url resolved https://registry.npmjs.org/adm-zip/0.2.1
164 info trying registry request attempt 1 at 17:07:28
165 verbose etag "AONKXA7N75JN57OVJJ6FU6JLS"
166 http GET https://registry.npmjs.org/adm-zip/0.2.1
167 verbose url raw kew
168 verbose url resolving [ 'https://registry.npmjs.org/', './kew' ]
169 verbose url resolved https://registry.npmjs.org/kew
170 info trying registry request attempt 1 at 17:07:28
171 verbose etag "CZQUWAO5B619SRG3SKG01BWEN"
172 http GET https://registry.npmjs.org/kew
173 http 304 https://registry.npmjs.org/ncp/0.4.2
174 silly registry.get cb [ 304,
174 silly registry.get   { server: 'CouchDB/1.5.0 (Erlang OTP/R15B03)',
174 silly registry.get     etag: '"CTLXK7P9SBQDFAJVRNF5JFB0S"',
174 silly registry.get     date: 'Tue, 03 Dec 2013 14:07:28 GMT',
174 silly registry.get     'content-length': '0' } ]
175 verbose etag ncp/0.4.2 from cache
176 http 304 https://registry.npmjs.org/npmconf/0.0.24
177 silly registry.get cb [ 304,
177 silly registry.get   { server: 'CouchDB/1.5.0 (Erlang OTP/R15B03)',
177 silly registry.get     etag: '"2M1L5S2Y4XRACHBCGVJA5W7T2"',
177 silly registry.get     date: 'Tue, 03 Dec 2013 14:07:28 GMT',
177 silly registry.get     'content-length': '0' } ]
178 verbose etag npmconf/0.0.24 from cache
179 silly lockFile af02651e-npmconf-0-0-24 npmconf@0.0.24
180 silly lockFile af02651e-npmconf-0-0-24 npmconf@0.0.24
181 silly lockFile e43cb36a-ncp-0-4-2 ncp@0.4.2
182 silly lockFile e43cb36a-ncp-0-4-2 ncp@0.4.2
183 http 304 https://registry.npmjs.org/mkdirp/0.3.5
184 silly registry.get cb [ 304,
184 silly registry.get   { server: 'CouchDB/1.5.0 (Erlang OTP/R15B03)',
184 silly registry.get     etag: '"BJW6Y47IQRG0LKTEZTQ7QWJAZ"',
184 silly registry.get     date: 'Tue, 03 Dec 2013 14:07:28 GMT',
184 silly registry.get     'content-length': '0' } ]
185 verbose etag mkdirp/0.3.5 from cache
186 silly lockFile 67d2df2a-mkdirp-0-3-5 mkdirp@0.3.5
187 silly lockFile 67d2df2a-mkdirp-0-3-5 mkdirp@0.3.5
188 http 304 https://registry.npmjs.org/rimraf
189 silly registry.get cb [ 304,
189 silly registry.get   { server: 'CouchDB/1.3.1 (Erlang OTP/R15B03)',
189 silly registry.get     etag: '"AK5Y26BBP3KU4JX9XTR0E0FIZ"',
189 silly registry.get     date: 'Tue, 03 Dec 2013 14:07:28 GMT',
189 silly registry.get     'content-length': '0' } ]
190 verbose etag rimraf from cache
191 silly addNameRange number 2 { name: 'rimraf', range: '>=2.2.2-0 <2.3.0-0', hasData: true }
192 silly addNameRange versions [ 'rimraf',
192 silly addNameRange   [ '1.0.0',
192 silly addNameRange     '1.0.1',
192 silly addNameRange     '1.0.2',
192 silly addNameRange     '1.0.4',
192 silly addNameRange     '1.0.5',
192 silly addNameRange     '1.0.6',
192 silly addNameRange     '1.0.7',
192 silly addNameRange     '1.0.8',
192 silly addNameRange     '1.0.9',
192 silly addNameRange     '2.0.0',
192 silly addNameRange     '2.0.1',
192 silly addNameRange     '2.0.2',
192 silly addNameRange     '2.0.3',
192 silly addNameRange     '2.1.0',
192 silly addNameRange     '2.1.1',
192 silly addNameRange     '2.1.2',
192 silly addNameRange     '2.1.3',
192 silly addNameRange     '2.1.4',
192 silly addNameRange     '2.2.0',
192 silly addNameRange     '2.2.1',
192 silly addNameRange     '2.2.2',
192 silly addNameRange     '2.2.3',
192 silly addNameRange     '2.2.4' ] ]
193 verbose addNamed [ 'rimraf', '2.2.4' ]
194 verbose addNamed [ '2.2.4', '2.2.4' ]
195 silly lockFile 7e090252-rimraf-2-2-4 rimraf@2.2.4
196 verbose lock rimraf@2.2.4 /Users/larchanka/.npm/7e090252-rimraf-2-2-4.lock
197 silly lockFile 7e090252-rimraf-2-2-4 rimraf@2.2.4
198 silly lockFile 7e090252-rimraf-2-2-4 rimraf@2.2.4
199 silly lockFile 6c46433c-rimraf-2-2-2 rimraf@~2.2.2
200 silly lockFile 6c46433c-rimraf-2-2-2 rimraf@~2.2.2
201 http 304 https://registry.npmjs.org/which
202 silly registry.get cb [ 304,
202 silly registry.get   { server: 'CouchDB/1.3.1 (Erlang OTP/R15B03)',
202 silly registry.get     etag: '"DYG9ETXJYD9G5Z4Q69B1N6ASJ"',
202 silly registry.get     date: 'Tue, 03 Dec 2013 14:07:28 GMT',
202 silly registry.get     'content-length': '0' } ]
203 verbose etag which from cache
204 silly addNameRange number 2 { name: 'which', range: '>=1.0.5-0 <1.1.0-0', hasData: true }
205 silly addNameRange versions [ 'which', [ '1.0.0', '1.0.1', '1.0.2', '1.0.3', '1.0.5' ] ]
206 verbose addNamed [ 'which', '1.0.5' ]
207 verbose addNamed [ '1.0.5', '1.0.5' ]
208 silly lockFile 4aed4494-which-1-0-5 which@1.0.5
209 verbose lock which@1.0.5 /Users/larchanka/.npm/4aed4494-which-1-0-5.lock
210 silly lockFile 4aed4494-which-1-0-5 which@1.0.5
211 silly lockFile 4aed4494-which-1-0-5 which@1.0.5
212 silly lockFile d158d65e-which-1-0-5 which@~1.0.5
213 silly lockFile d158d65e-which-1-0-5 which@~1.0.5
214 http 304 https://registry.npmjs.org/adm-zip/0.2.1
215 silly registry.get cb [ 304,
215 silly registry.get   { server: 'CouchDB/1.5.0 (Erlang OTP/R15B03)',
215 silly registry.get     etag: '"AONKXA7N75JN57OVJJ6FU6JLS"',
215 silly registry.get     date: 'Tue, 03 Dec 2013 14:07:29 GMT',
215 silly registry.get     'content-length': '0' } ]
216 verbose etag adm-zip/0.2.1 from cache
217 http 304 https://registry.npmjs.org/kew
218 silly registry.get cb [ 304,
218 silly registry.get   { server: 'CouchDB/1.5.0 (Erlang OTP/R15B03)',
218 silly registry.get     etag: '"CZQUWAO5B619SRG3SKG01BWEN"',
218 silly registry.get     date: 'Tue, 03 Dec 2013 14:07:29 GMT',
218 silly registry.get     'content-length': '0' } ]
219 verbose etag kew from cache
220 silly addNameRange number 2 { name: 'kew', range: '>=0.1.7-0 <0.2.0-0', hasData: true }
221 silly addNameRange versions [ 'kew',
221 silly addNameRange   [ '0.0.1',
221 silly addNameRange     '0.0.2',
221 silly addNameRange     '0.0.3',
221 silly addNameRange     '0.0.4',
221 silly addNameRange     '0.1.0',
221 silly addNameRange     '0.1.1',
221 silly addNameRange     '0.1.2',
221 silly addNameRange     '0.1.3',
221 silly addNameRange     '0.1.4',
221 silly addNameRange     '0.1.5',
221 silly addNameRange     '0.1.6',
221 silly addNameRange     '0.1.7',
221 silly addNameRange     '0.2.1',
221 silly addNameRange     '0.2.2',
221 silly addNameRange     '0.3.0' ] ]
222 verbose addNamed [ 'kew', '0.1.7' ]
223 verbose addNamed [ '0.1.7', '0.1.7' ]
224 silly lockFile 69cee516-kew-0-1-7 kew@0.1.7
225 verbose lock kew@0.1.7 /Users/larchanka/.npm/69cee516-kew-0-1-7.lock
226 silly lockFile 56d2b9bc-adm-zip-0-2-1 adm-zip@0.2.1
227 silly lockFile 56d2b9bc-adm-zip-0-2-1 adm-zip@0.2.1
228 silly lockFile 69cee516-kew-0-1-7 kew@0.1.7
229 silly lockFile 69cee516-kew-0-1-7 kew@0.1.7
230 silly lockFile fbc33e87-kew-0-1-7 kew@~0.1.7
231 silly lockFile fbc33e87-kew-0-1-7 kew@~0.1.7
232 silly resolved [ { name: 'npmconf',
232 silly resolved     version: '0.0.24',
232 silly resolved     description: 'The config thing npm uses',
232 silly resolved     main: 'npmconf.js',
232 silly resolved     directories: { test: 'test' },
232 silly resolved     dependencies:
232 silly resolved      { 'config-chain': '~1.1.1',
232 silly resolved        inherits: '~1.0.0',
232 silly resolved        once: '~1.1.1',
232 silly resolved        mkdirp: '~0.3.3',
232 silly resolved        osenv: '0.0.3',
232 silly resolved        nopt: '2',
232 silly resolved        semver: '~1.1.0',
232 silly resolved        ini: '~1.1.0' },
232 silly resolved     devDependencies: {},
232 silly resolved     scripts: { test: 'tap test/*.js' },
232 silly resolved     repository: { type: 'git', url: 'git://github.com/isaacs/npmconf' },
232 silly resolved     keywords: [ 'npm', 'config', 'config-chain', 'conf', 'ini' ],
232 silly resolved     author:
232 silly resolved      { name: 'Isaac Z. Schlueter',
232 silly resolved        email: 'i@izs.me',
232 silly resolved        url: 'http://blog.izs.me' },
232 silly resolved     license: 'BSD',
232 silly resolved     readme: '# npmconf\n\nThe config thing npm uses\n\nIf you are interested in interacting with the config settings that npm\nuses, then use this module.\n\nHowever, if you are writing a new Node.js program, and want\nconfiguration functionality similar to what npm has, but for your\nown thing, then I\'d recommend using [rc](https://github.com/dominictarr/rc),\nwhich is probably what you want.\n\nIf I were to do it all over again, that\'s what I\'d do for npm.  But,\nalas, there are many systems depending on many of the particulars of\nnpm\'s configuration setup, so it\'s not worth the cost of changing.\n\n## USAGE\n\n```javascript\nvar npmconf = require(\'npmconf\')\n\n// pass in the cli options that you read from the cli\n// or whatever top-level configs you want npm to use for now.\nnpmconf.load({some:\'configs\'}, function (er, conf) {\n  // do stuff with conf\n  conf.get(\'some\', \'cli\') // \'configs\'\n  conf.get(\'username\') // \'joebobwhatevers\'\n  conf.set(\'foo\', \'bar\', \'user\')\n  conf.save(\'user\', function (er) {\n    // foo = bar is now saved to ~/.npmrc or wherever\n  })\n})\n```\n',
232 silly resolved     readmeFilename: 'README.md',
232 silly resolved     bugs: { url: 'https://github.com/isaacs/npmconf/issues' },
232 silly resolved     _id: 'npmconf@0.0.24',
232 silly resolved     _from: 'npmconf@0.0.24' },
232 silly resolved   { name: 'ncp',
232 silly resolved     version: '0.4.2',
232 silly resolved     author: { name: 'AvianFlu', email: 'charlie@charlieistheman.com' },
232 silly resolved     description: 'Asynchronous recursive file copy utility.',
232 silly resolved     bin: { ncp: './bin/ncp' },
232 silly resolved     devDependencies: { vows: '0.6.x', rimraf: '1.0.x', 'read-dir-files': '0.0.x' },
232 silly resolved     main: './lib/ncp.js',
232 silly resolved     repository: { type: 'git', url: 'https://github.com/AvianFlu/ncp.git' },
232 silly resolved     keywords: [ 'cli', 'copy' ],
232 silly resolved     license: 'MIT',
232 silly resolved     engine: { node: '>=0.4' },
232 silly resolved     scripts: { test: 'vows --isolate --spec' },
232 silly resolved     readme: '# ncp - Asynchronous recursive file & directory copying\n\n[![Build Status](https://secure.travis-ci.org/AvianFlu/ncp.png)](http://travis-ci.org/AvianFlu/ncp)\n\nThink `cp -r`, but pure node, and asynchronous.  `ncp` can be used both as a CLI tool and programmatically.\n\n## Command Line usage\n\nUsage is simple: `ncp [source] [dest] [--limit=concurrency limit]\n[--filter=filter] --stopOnErr`\n\nThe \'filter\' is a Regular Expression - matched files will be copied.\n\nThe \'concurrency limit\' is an integer that represents how many pending file system requests `ncp` has at a time.\n\n\'stopOnErr\' is a boolean flag that will tell `ncp` to stop immediately if any\nerrors arise, rather than attempting to continue while logging errors.\n\nIf there are no errors, `ncp` will output `done.` when complete.  If there are errors, the error messages will be logged to `stdout` and to `./ncp-debug.log`, and the copy operation will attempt to continue.\n\n## Programmatic usage\n\nProgrammatic usage of `ncp` is just as simple.  The only argument to the completion callback is a possible error.  \n\n```javascript\nvar ncp = require(\'ncp\').ncp;\n\nncp.limit = 16;\n\nncp(source, destination, function (err) {\n if (err) {\n   return console.error(err);\n }\n console.log(\'done!\');\n});\n```\n\nYou can also call ncp like `ncp(source, destination, options, callback)`. \n`options` should be a dictionary. Currently, such options are available:\n\n  * `options.filter` - a `RegExp` instance, against which each file name is\n  tested to determine whether to copy it or not, or a function taking single\n  parameter: copied file name, returning `true` or `false`, determining\n  whether to copy file or not.\n\n  * `options.transform` - a function: `function (read, write) { read.pipe(write) }`\n  used to apply streaming transforms while copying.\n\n  * `options.clobber` - boolean=true. if set to false, `ncp` will not overwrite \n  destination files that already exist.\n\nPlease open an issue if any bugs arise.  As always, I accept (working) pull requests, and refunds are available at `/dev/null`.\n',
232 silly resolved     readmeFilename: 'README.md',
232 silly resolved     bugs: { url: 'https://github.com/AvianFlu/ncp/issues' },
232 silly resolved     _id: 'ncp@0.4.2',
232 silly resolved     _from: 'ncp@0.4.2' },
232 silly resolved   { name: 'mkdirp',
232 silly resolved     description: 'Recursively mkdir, like `mkdir -p`',
232 silly resolved     version: '0.3.5',
232 silly resolved     author:
232 silly resolved      { name: 'James Halliday',
232 silly resolved        email: 'mail@substack.net',
232 silly resolved        url: 'http://substack.net' },
232 silly resolved     main: './index',
232 silly resolved     keywords: [ 'mkdir', 'directory' ],
232 silly resolved     repository:
232 silly resolved      { type: 'git',
232 silly resolved        url: 'http://github.com/substack/node-mkdirp.git' },
232 silly resolved     scripts: { test: 'tap test/*.js' },
232 silly resolved     devDependencies: { tap: '~0.4.0' },
232 silly resolved     license: 'MIT',
232 silly resolved     readme: '# mkdirp\n\nLike `mkdir -p`, but in node.js!\n\n[![build status](https://secure.travis-ci.org/substack/node-mkdirp.png)](http://travis-ci.org/substack/node-mkdirp)\n\n# example\n\n## pow.js\n\n```js\nvar mkdirp = require(\'mkdirp\');\n    \nmkdirp(\'/tmp/foo/bar/baz\', function (err) {\n    if (err) console.error(err)\n    else console.log(\'pow!\')\n});\n```\n\nOutput\n\n```\npow!\n```\n\nAnd now /tmp/foo/bar/baz exists, huzzah!\n\n# methods\n\n```js\nvar mkdirp = require(\'mkdirp\');\n```\n\n## mkdirp(dir, mode, cb)\n\nCreate a new directory and any necessary subdirectories at `dir` with octal\npermission string `mode`.\n\nIf `mode` isn\'t specified, it defaults to `0777 & (~process.umask())`.\n\n`cb(err, made)` fires with the error or the first directory `made`\nthat had to be created, if any.\n\n## mkdirp.sync(dir, mode)\n\nSynchronously create a new directory and any necessary subdirectories at `dir`\nwith octal permission string `mode`.\n\nIf `mode` isn\'t specified, it defaults to `0777 & (~process.umask())`.\n\nReturns the first directory that had to be created, if any.\n\n# install\n\nWith [npm](http://npmjs.org) do:\n\n```\nnpm install mkdirp\n```\n\n# license\n\nMIT\n',
232 silly resolved     readmeFilename: 'readme.markdown',
232 silly resolved     bugs: { url: 'https://github.com/substack/node-mkdirp/issues' },
232 silly resolved     _id: 'mkdirp@0.3.5',
232 silly resolved     _from: 'mkdirp@0.3.5' },
232 silly resolved   { name: 'rimraf',
232 silly resolved     version: '2.2.4',
232 silly resolved     main: 'rimraf.js',
232 silly resolved     description: 'A deep deletion module for node (like `rm -rf`)',
232 silly resolved     author:
232 silly resolved      { name: 'Isaac Z. Schlueter',
232 silly resolved        email: 'i@izs.me',
232 silly resolved        url: 'http://blog.izs.me/' },
232 silly resolved     license:
232 silly resolved      { type: 'MIT',
232 silly resolved        url: 'https://github.com/isaacs/rimraf/raw/master/LICENSE' },
232 silly resolved     optionalDependencies: { 'graceful-fs': '~2' },
232 silly resolved     repository: { type: 'git', url: 'git://github.com/isaacs/rimraf.git' },
232 silly resolved     scripts: { test: 'cd test && bash run.sh' },
232 silly resolved     bin: { rimraf: './bin.js' },
232 silly resolved     contributors: [ [Object], [Object], [Object], [Object], [Object] ],
232 silly resolved     readme: '`rm -rf` for node.\n\nInstall with `npm install rimraf`, or just drop rimraf.js somewhere.\n\n## API\n\n`rimraf(f, callback)`\n\nThe callback will be called with an error if there is one.  Certain\nerrors are handled for you:\n\n* Windows: `EBUSY` and `ENOTEMPTY` - rimraf will back off a maximum of\n  `opts.maxBusyTries` times before giving up.\n* `ENOENT` - If the file doesn\'t exist, rimraf will return\n  successfully, since your desired outcome is already the case.\n\n## rimraf.sync\n\nIt can remove stuff synchronously, too.  But that\'s not so good.  Use\nthe async API.  It\'s better.\n\n## CLI\n\nIf installed with `npm install rimraf -g` it can be used as a global\ncommand `rimraf <path>` which is useful for cross platform support.\n\n## mkdirp\n\nIf you need to create a directory recursively, check out\n[mkdirp](https://github.com/substack/node-mkdirp).\n',
232 silly resolved     readmeFilename: 'README.md',
232 silly resolved     bugs: { url: 'https://github.com/isaacs/rimraf/issues' },
232 silly resolved     dependencies: { 'graceful-fs': '~2' },
232 silly resolved     _id: 'rimraf@2.2.4',
232 silly resolved     _from: 'rimraf@~2.2.2' },
232 silly resolved   { author:
232 silly resolved      { name: 'Isaac Z. Schlueter',
232 silly resolved        email: 'i@izs.me',
232 silly resolved        url: 'http://blog.izs.me' },
232 silly resolved     name: 'which',
232 silly resolved     description: 'Like which(1) unix command. Find the first instance of an executable in the PATH.',
232 silly resolved     version: '1.0.5',
232 silly resolved     repository: { type: 'git', url: 'git://github.com/isaacs/node-which.git' },
232 silly resolved     main: 'which.js',
232 silly resolved     bin: { which: './bin/which' },
232 silly resolved     engines: { node: '*' },
232 silly resolved     dependencies: {},
232 silly resolved     devDependencies: {},
232 silly resolved     readme: 'The "which" util from npm\'s guts.\n\nFinds the first instance of a specified executable in the PATH\nenvironment variable.  Does not cache the results, so `hash -r` is not\nneeded when the PATH changes.\n',
232 silly resolved     readmeFilename: 'README.md',
232 silly resolved     bugs: { url: 'https://github.com/isaacs/node-which/issues' },
232 silly resolved     _id: 'which@1.0.5',
232 silly resolved     _from: 'which@~1.0.5' },
232 silly resolved   { name: 'adm-zip',
232 silly resolved     version: '0.2.1',
232 silly resolved     description: 'A Javascript implementation of zip for nodejs. Allows user to create or extract zip files both in memory or to/from disk',
232 silly resolved     keywords: [ 'zip', 'methods', 'archive', 'unzip' ],
232 silly resolved     homepage: 'http://github.com/cthackers/adm-zip',
232 silly resolved     author:
232 silly resolved      { name: 'Nasca Iacob',
232 silly resolved        email: 'sy@another-d-mention.ro',
232 silly resolved        url: 'https://github.com/cthackers' },
232 silly resolved     bugs:
232 silly resolved      { url: 'https://github.com/cthackers/adm-zip/issues',
232 silly resolved        email: 'sy@another-d-mention.ro' },
232 silly resolved     licenses: [ [Object] ],
232 silly resolved     main: 'adm-zip.js',
232 silly resolved     repository:
232 silly resolved      { type: 'git',
232 silly resolved        url: 'git://github.com/git@github.com:cthackers/adm-zip.git' },
232 silly resolved     engines: { node: '>=0.3.0' },
232 silly resolved     readme: '# ADM-ZIP for NodeJS\r\n\r\nADM-ZIP is a pure JavaScript implementation for zip data compression for [NodeJS](http://nodejs.org/). \r\n\r\n# Installation\r\n\r\nWith [npm](http://npmjs.org) do:\r\n\r\n    $ npm install adm-zip\r\n\t\r\n## What is it good for?\r\nThe library allows you to:\r\n\r\n* decompress zip files directly to disk or in memory buffers\r\n* compress files and store them to disk in .zip format or in compressed buffers\r\n* update content of/add new/delete files from an existing .zip\r\n\r\n# Dependencies\r\nThere are no other nodeJS libraries that ADM-ZIP is dependent of\r\n\r\n# Examples\r\n\r\n## Basic usage\r\n```javascript\r\n\r\n\tvar AdmZip = require(\'adm-zip\');\r\n\r\n\t// reading archives\r\n\tvar zip = new AdmZip("./my_file.zip");\r\n\tvar zipEntries = zip.getEntries(); // an array of ZipEntry records\r\n\r\n\tzipEntries.forEach(function(zipEntry) {\r\n\t    console.log(zipEntry.toString()); // outputs zip entries information\r\n\t\tif (zipEntry.entryName == "my_file.txt") {\r\n\t\t     console.log(zipEntry.data.toString(\'utf8\')); \r\n\t\t}\r\n\t});\r\n\t// outputs the content of some_folder/my_file.txt\r\n\tconsole.log(zip.readAsText("some_folder/my_file.txt")); \r\n\t// extracts the specified file to the specified location\r\n\tzip.extractEntryTo(/*entry name*/"some_folder/my_file.txt", /*target path*/"/home/me/tempfolder", /*overwrite*/true)\r\n\t// extracts everything\r\n\tzip.extractAllTo(/*target path*/"/home/me/zipcontent/", /*overwrite*/true);\r\n\t\r\n\t\r\n\t// creating archives\r\n\tvar zip = new AdmZip();\r\n\t\r\n\t// add file directly\r\n\tzip.addFile("test.txt", new Buffer("inner content of the file"), "entry comment goes here");\r\n\t// add local file\r\n\tzip.addLocalFile("/home/me/some_picture.png");\r\n\t// get everything as a buffer\r\n\tvar willSendthis = zip.toBuffer();\r\n\t// or write everything to disk\r\n\tzip.writeZip(/*target file name*/"/home/me/files.zip");\r\n\t\r\n\t\r\n\t// ... more examples in the wiki\r\n```\r\n\r\nFor more detailed information please check out the [wiki](https://github.com/cthackers/adm-zip/wiki).\n\n[![build status](https://secure.travis-ci.org/cthackers/adm-zip.png)](http://travis-ci.org/cthackers/adm-zip)',
232 silly resolved     readmeFilename: 'README.md',
232 silly resolved     _id: 'adm-zip@0.2.1',
232 silly resolved     _from: 'adm-zip@0.2.1' },
232 silly resolved   { name: 'kew',
232 silly resolved     description: 'a lightweight promise library for node',
232 silly resolved     version: '0.1.7',
232 silly resolved     homepage: 'https://github.com/Obvious/kew',
232 silly resolved     authors: [ 'Jeremy Stanley <github@azulus.com> (https://github.com/azulus)' ],
232 silly resolved     contributors: [],
232 silly resolved     keywords: [ 'kew', 'promises' ],
232 silly resolved     main: './kew.js',
232 silly resolved     repository: { type: 'git', url: 'https://github.com/Obvious/kew.git' },
232 silly resolved     dependencies: {},
232 silly resolved     devDependencies: { nodeunit: '0.7.4' },
232 silly resolved     scripts: { test: './node_modules/nodeunit/bin/nodeunit test' },
232 silly resolved     readme: 'kew: a lightweight (and super fast) promise/deferred framework for node.js\n==================================\n\n**kew** is a lightweight promise framework with an aim of providing a base set of functionality similar to that provided by the [Q library](https://github.com/kriskowal/q "Q").\n\nA few answers (for a few questions)\n-------\n\n*Why\'d we write it?*\n\nDuring our initial usage of **Q** we found that it was consuming 80% of the cpu under load (primarily in chained database callbacks). We spent some time looking at patching **Q** and ultimately found that creating our own lightweight library for server-usage would suit our needs better than figuring out how to make a large cross-platform library more performant on one very specific platform.\n\n*So this does everything Q does?*\n\nNope! **Q** is still an awesome library and does *way* more than **kew**. We support a tiny subset of the **Q** functionality (the subset that we happen to use in our actual use cases).\n\nWhat are Promises?\n-------\n\nAt its core, a *Promise* is a promise to return a value at some point in the future. A *Promise* represents a value that will be (or may return an error if something goes wrong). *Promises* heavily reduce the complexity of asynchronous coding in node.js-like environments. Example:\n\n```javascript\n// assuming the getUrlContent() function exists and retrieves the content of a url\nvar htmlPromise = getUrlContent(myUrl)\n\n// we can then filter that through an http parser (our imaginary parseHtml() function) asynchronously (or maybe synchronously, who knows)\nvar tagsPromise = htmlPromise.then(parseHtml)\n\n// and then filter it through another function (getLinks()) which retrieves only the link tags\nvar linksPromise = tagsPromise.then(getLinks)\n\n// and then parses the actual urls from the links (using parseUrlsFromLinks())\nvar urlsPromise = linksPromise.then(linksPromise)\n\n// finally, we have a promise that should only provide us with the urls and will run once all the previous steps have ran\nurlsPromise.then(function (urls) {\n  // do something with the urls\n})\n```\n\nHow do I use **kew**?\n-------\n\nAs a precursor to all the examples, the following code must be at the top of your page:\n\n```javascript\nvar Q = require(\'kew\')\n```\n\n### Convert a literal into a promise\n\nThe easiest way to start a promise chain is by creating a new promise with a specified literal using Q.resolve() or Q.reject()\n\n```javascript\n// create a promise which passes a value to the next then() call\nvar successPromise = Q.resolve(val)\n\n// create a promise which throws an error to be caught by the next fail() call\nvar failPromise = Q.reject(err)\n```\n\nIn addition, you can create deferreds which can be used if you need to create a promise but resolve it later:\n\n```javascript\n// create the deferreds\nvar successDefer = Q.defer()\nvar failDefer = Q.defer()\n\n// resolve or reject the defers in 1 second\nsetTimeout(function () {\n  successDefer.resolve("ok")\n  failDefer.reject(new Error("this failed"))\n}, 1000)\n\n// extract promises from the deferreds\nvar successPromise = successDefer.promise\nvar failPromise = failDefer.promise\n```\n\nIf you have a node-style callback (taking an **Error** as the first parameter and a response as the second), you can call the magic `makeNodeResolver()` function on a defer to allow the defer to handle the callbacks:\n\n```javascript\n// create the deferred\nvar defer = Q.defer()\n\n// some node-style function\ngetObjectFromDatabase(myObjectId, defer.makeNodeResolver())\n\n// grab the output\ndefer.promise\n  .then(function (obj) {\n    // successfully retrieved the object\n  })\n  .fail(function (e) {\n    // failed retrieving the object\n  })\n```\n\n### Handling successful results with `.then()`\n\nWhen a promise is resolved, you may call the `.then()` method to retrieve the value of the promise:\n\n```javascript\npromise.then(function (result) {\n  // do something with the result here\n})\n```\n\n`.then()` will in turn return a promise which will return the results of whatever it returns (asynchronously or not), allowing it to be chained indefinitely:\n\n```javascript\nQ.resolve(\'a\')\n  .then(function (result) {\n    return result + \'b\'\n  })\n  .then(function (result) {\n    return result + \'c\'\n  })\n  .then(function (result) {\n    // result should be \'abc\'\n  })\n```\n\nIn addition, `.then()` calls may return promises themselves, allowing for complex nesting of asynchronous calls in a flat manner:\n\n```javascript\nvar htmlPromise = getUrlContent(myUrl)\n\nvar tagsPromise = htmlPromise.then(function (html) {\n  if (!validHtml(html)) throw new Error("Invalid HTML")\n\n  // pretend that parseHtml() returns a promise and is asynchronous\n  return parseHtml(html)\n})\n```\n\n### Handling errors with `.fail()`\n\nIf a promise is rejected for some reason, you may handle the failure case with the `.fail()` function:\n\n```javascript\ngetObjectPromise\n  .fail(function (e) {\n    console.error("Failed to retrieve object", e)\n  })\n```\n\nLike `.then()`, `.fail()` also returns a promise. If the `.fail()` call does not throw an error, it will pass the return value of the `.fail()` handler to any `.then()` calls chained to it:\n\n```javascript\ngetObjectPromise\n  .fail(function (e) {\n    return retryGetObject(objId)\n  })\n  .then(function (obj) {\n    // yay, we received an object\n  })\n  .fail(function (e) {\n    // the retry failed :(\n    console.error("Retrieving the object \'" + objId + "\' failed")\n  })\n})\n```\n\nIf you\'ve reached the end of your promise chain, you may call `.end()` which signifies that the promise chain is ended and any errors should be thrown in whatever scope the code is currently in:\n\n```javascript\ngetObjectPromise\n  // this will throw an error to the uncaught exception handler if the getObjectPromise call is asynchronous\n  .end()\n```\n\n### `.fin()` when things are finished\n\nYou may attach a handler to a promise which will be ran regardless of whether the promise was resolved or rejected (but will only run upon completion). This is useful in the cases where you may have set up resources to run a request and wish to tear them down afterwards. `.fin()` will return the promise it is called upon:\n\n```javascript\nvar connection = db.connect()\n\nvar itemPromise = db.getItem(itemId)\n  .fin(function () {\n    db.close()\n  })\n```\n\nOther utility methods\n-------\n\nThere\'s only one utility method as of now:\n\n### `.all()` for many things\n\nIf you\'re waiting for multiple promises to return, you may pass them (mixed in with literals if you desire) into `.all()` which will create a promise that resolves successfully with an array of the results of the promises:\n\n```javascript\nvar promises = []\npromises.push(getUrlContent(url1))\npromises.push(getUrlContent(url2))\npromises.push(getUrlContent(url3))\n\nQ.all(promises)\n  .then(function (content) {\n    // content[0] === content for url 1\n    // content[1] === content for url 2\n    // content[2] === content for url 3\n  })\n```\n\nIf any of the promises fail, Q.all will fail as well (so make sure to guard your promises with a `.fail()` call beforehand if you don\'t care whether they succeed or not):\n\n```javascript\nvar promises = []\npromises.push(getUrlContent(url1))\npromises.push(getUrlContent(url2))\npromises.push(getUrlContent(url3))\n\nQ.all(promises)\n  .fail(function (e) {\n    console.log("Failed retrieving a url", e)\n  })\n```\n\nContributing\n------------\n\nQuestions, comments, bug reports, and pull requests are all welcome.\nSubmit them at [the project on GitHub](https://github.com/Obvious/kew/).\n\nBug reports that include steps-to-reproduce (including code) are the\nbest. Even better, make them in the form of pull requests that update\nthe test suite. Thanks!\n\n\nAuthor\n------\n\n[Jeremy Stanley](https://github.com/azulus)\nsupported by\n[The Obvious Corporation](http://obvious.com/).\n\n\nLicense\n-------\n\nCopyright 2013 [The Obvious Corporation](http://obvious.com/).\n\nLicensed under the Apache License, Version 2.0.\nSee the top-level file `LICENSE.TXT` and\n(http://www.apache.org/licenses/LICENSE-2.0).\n',
232 silly resolved     readmeFilename: 'README.md',
232 silly resolved     bugs: { url: 'https://github.com/Obvious/kew/issues' },
232 silly resolved     _id: 'kew@0.1.7',
232 silly resolved     _from: 'kew@~0.1.7' } ]
233 info install npmconf@0.0.24 into /Users/larchanka/Documents/epam-projects/xframework/node_modules/phantomjs
234 info install ncp@0.4.2 into /Users/larchanka/Documents/epam-projects/xframework/node_modules/phantomjs
235 info install mkdirp@0.3.5 into /Users/larchanka/Documents/epam-projects/xframework/node_modules/phantomjs
236 info install rimraf@2.2.4 into /Users/larchanka/Documents/epam-projects/xframework/node_modules/phantomjs
237 info install which@1.0.5 into /Users/larchanka/Documents/epam-projects/xframework/node_modules/phantomjs
238 info install adm-zip@0.2.1 into /Users/larchanka/Documents/epam-projects/xframework/node_modules/phantomjs
239 info install kew@0.1.7 into /Users/larchanka/Documents/epam-projects/xframework/node_modules/phantomjs
240 info installOne npmconf@0.0.24
241 info installOne ncp@0.4.2
242 info installOne mkdirp@0.3.5
243 info installOne rimraf@2.2.4
244 info installOne which@1.0.5
245 info installOne adm-zip@0.2.1
246 info installOne kew@0.1.7
247 info /Users/larchanka/Documents/epam-projects/xframework/node_modules/phantomjs/node_modules/npmconf unbuild
248 info /Users/larchanka/Documents/epam-projects/xframework/node_modules/phantomjs/node_modules/ncp unbuild
249 info /Users/larchanka/Documents/epam-projects/xframework/node_modules/phantomjs/node_modules/mkdirp unbuild
250 info /Users/larchanka/Documents/epam-projects/xframework/node_modules/phantomjs/node_modules/rimraf unbuild
251 info /Users/larchanka/Documents/epam-projects/xframework/node_modules/phantomjs/node_modules/which unbuild
252 info /Users/larchanka/Documents/epam-projects/xframework/node_modules/phantomjs/node_modules/adm-zip unbuild
253 info /Users/larchanka/Documents/epam-projects/xframework/node_modules/phantomjs/node_modules/kew unbuild
254 verbose tar unpack /Users/larchanka/.npm/npmconf/0.0.24/package.tgz
255 silly lockFile 801d99c1-s-phantomjs-node-modules-npmconf tar:///Users/larchanka/Documents/epam-projects/xframework/node_modules/phantomjs/node_modules/npmconf
256 verbose lock tar:///Users/larchanka/Documents/epam-projects/xframework/node_modules/phantomjs/node_modules/npmconf /Users/larchanka/.npm/801d99c1-s-phantomjs-node-modules-npmconf.lock
257 silly lockFile 141a2efd-a-npm-npmconf-0-0-24-package-tgz tar:///Users/larchanka/.npm/npmconf/0.0.24/package.tgz
258 verbose lock tar:///Users/larchanka/.npm/npmconf/0.0.24/package.tgz /Users/larchanka/.npm/141a2efd-a-npm-npmconf-0-0-24-package-tgz.lock
259 verbose tar unpack /Users/larchanka/.npm/ncp/0.4.2/package.tgz
260 silly lockFile cdc9340c-dules-phantomjs-node-modules-ncp tar:///Users/larchanka/Documents/epam-projects/xframework/node_modules/phantomjs/node_modules/ncp
261 verbose lock tar:///Users/larchanka/Documents/epam-projects/xframework/node_modules/phantomjs/node_modules/ncp /Users/larchanka/.npm/cdc9340c-dules-phantomjs-node-modules-ncp.lock
262 silly lockFile f88ccb60-chanka-npm-ncp-0-4-2-package-tgz tar:///Users/larchanka/.npm/ncp/0.4.2/package.tgz
263 verbose lock tar:///Users/larchanka/.npm/ncp/0.4.2/package.tgz /Users/larchanka/.npm/f88ccb60-chanka-npm-ncp-0-4-2-package-tgz.lock
264 verbose tar unpack /Users/larchanka/.npm/mkdirp/0.3.5/package.tgz
265 silly lockFile 0edc6b3a-es-phantomjs-node-modules-mkdirp tar:///Users/larchanka/Documents/epam-projects/xframework/node_modules/phantomjs/node_modules/mkdirp
266 verbose lock tar:///Users/larchanka/Documents/epam-projects/xframework/node_modules/phantomjs/node_modules/mkdirp /Users/larchanka/.npm/0edc6b3a-es-phantomjs-node-modules-mkdirp.lock
267 silly lockFile 1dfe07f2-nka-npm-mkdirp-0-3-5-package-tgz tar:///Users/larchanka/.npm/mkdirp/0.3.5/package.tgz
268 verbose lock tar:///Users/larchanka/.npm/mkdirp/0.3.5/package.tgz /Users/larchanka/.npm/1dfe07f2-nka-npm-mkdirp-0-3-5-package-tgz.lock
269 verbose tar unpack /Users/larchanka/.npm/rimraf/2.2.4/package.tgz
270 silly lockFile f3dae473-es-phantomjs-node-modules-rimraf tar:///Users/larchanka/Documents/epam-projects/xframework/node_modules/phantomjs/node_modules/rimraf
271 verbose lock tar:///Users/larchanka/Documents/epam-projects/xframework/node_modules/phantomjs/node_modules/rimraf /Users/larchanka/.npm/f3dae473-es-phantomjs-node-modules-rimraf.lock
272 silly lockFile 0e168a77-nka-npm-rimraf-2-2-4-package-tgz tar:///Users/larchanka/.npm/rimraf/2.2.4/package.tgz
273 verbose lock tar:///Users/larchanka/.npm/rimraf/2.2.4/package.tgz /Users/larchanka/.npm/0e168a77-nka-npm-rimraf-2-2-4-package-tgz.lock
274 verbose tar unpack /Users/larchanka/.npm/which/1.0.5/package.tgz
275 silly lockFile 70dd4494-les-phantomjs-node-modules-which tar:///Users/larchanka/Documents/epam-projects/xframework/node_modules/phantomjs/node_modules/which
276 verbose lock tar:///Users/larchanka/Documents/epam-projects/xframework/node_modules/phantomjs/node_modules/which /Users/larchanka/.npm/70dd4494-les-phantomjs-node-modules-which.lock
277 silly lockFile 10be69d0-anka-npm-which-1-0-5-package-tgz tar:///Users/larchanka/.npm/which/1.0.5/package.tgz
278 verbose lock tar:///Users/larchanka/.npm/which/1.0.5/package.tgz /Users/larchanka/.npm/10be69d0-anka-npm-which-1-0-5-package-tgz.lock
279 verbose tar unpack /Users/larchanka/.npm/adm-zip/0.2.1/package.tgz
280 silly lockFile 058955cd-s-phantomjs-node-modules-adm-zip tar:///Users/larchanka/Documents/epam-projects/xframework/node_modules/phantomjs/node_modules/adm-zip
281 verbose lock tar:///Users/larchanka/Documents/epam-projects/xframework/node_modules/phantomjs/node_modules/adm-zip /Users/larchanka/.npm/058955cd-s-phantomjs-node-modules-adm-zip.lock
282 silly lockFile 4ee0a059-ka-npm-adm-zip-0-2-1-package-tgz tar:///Users/larchanka/.npm/adm-zip/0.2.1/package.tgz
283 verbose lock tar:///Users/larchanka/.npm/adm-zip/0.2.1/package.tgz /Users/larchanka/.npm/4ee0a059-ka-npm-adm-zip-0-2-1-package-tgz.lock
284 verbose tar unpack /Users/larchanka/.npm/kew/0.1.7/package.tgz
285 silly lockFile 7bf57b5b-dules-phantomjs-node-modules-kew tar:///Users/larchanka/Documents/epam-projects/xframework/node_modules/phantomjs/node_modules/kew
286 verbose lock tar:///Users/larchanka/Documents/epam-projects/xframework/node_modules/phantomjs/node_modules/kew /Users/larchanka/.npm/7bf57b5b-dules-phantomjs-node-modules-kew.lock
287 silly lockFile bb1d7e58-chanka-npm-kew-0-1-7-package-tgz tar:///Users/larchanka/.npm/kew/0.1.7/package.tgz
288 verbose lock tar:///Users/larchanka/.npm/kew/0.1.7/package.tgz /Users/larchanka/.npm/bb1d7e58-chanka-npm-kew-0-1-7-package-tgz.lock
289 silly gunzTarPerm modes [ '755', '644' ]
290 silly gunzTarPerm modes [ '755', '644' ]
291 silly gunzTarPerm modes [ '755', '644' ]
292 silly gunzTarPerm modes [ '755', '644' ]
293 silly gunzTarPerm modes [ '755', '644' ]
294 silly gunzTarPerm modes [ '755', '644' ]
295 silly gunzTarPerm modes [ '755', '644' ]
296 silly lockFile 801d99c1-s-phantomjs-node-modules-npmconf tar:///Users/larchanka/Documents/epam-projects/xframework/node_modules/phantomjs/node_modules/npmconf
297 silly lockFile 801d99c1-s-phantomjs-node-modules-npmconf tar:///Users/larchanka/Documents/epam-projects/xframework/node_modules/phantomjs/node_modules/npmconf
298 silly gunzTarPerm extractEntry package.json
299 silly gunzTarPerm extractEntry package.json
300 silly gunzTarPerm extractEntry package.json
301 silly gunzTarPerm extractEntry package.json
302 silly gunzTarPerm extractEntry package.json
303 silly gunzTarPerm extractEntry package.json
304 silly lockFile 141a2efd-a-npm-npmconf-0-0-24-package-tgz tar:///Users/larchanka/.npm/npmconf/0.0.24/package.tgz
305 silly lockFile 141a2efd-a-npm-npmconf-0-0-24-package-tgz tar:///Users/larchanka/.npm/npmconf/0.0.24/package.tgz
306 info /Users/larchanka/Documents/epam-projects/xframework/node_modules/phantomjs/node_modules/npmconf unbuild
307 silly gunzTarPerm extractEntry .npmignore
308 silly gunzTarPerm extractEntry README.md
309 silly gunzTarPerm extractEntry .npmignore
310 silly gunzTarPerm extractEntry LICENSE
311 silly gunzTarPerm extractEntry README.md
312 silly gunzTarPerm extractEntry LICENSE
313 silly gunzTarPerm extractEntry README.md
314 silly gunzTarPerm extractEntry LICENSE
315 silly gunzTarPerm extractEntry README.md
316 silly gunzTarPerm extractEntry zipFile.js
317 silly gunzTarPerm extractEntry .npmignore
318 silly gunzTarPerm extractEntry README.md
319 verbose about to build /Users/larchanka/Documents/epam-projects/xframework/node_modules/phantomjs
320 info /Users/larchanka/Documents/epam-projects/xframework/node_modules/phantomjs unbuild
321 info preuninstall phantomjs@1.9.2-4
322 info uninstall phantomjs@1.9.2-4
323 verbose true,/Users/larchanka/Documents/epam-projects/xframework/node_modules,/Users/larchanka/Documents/epam-projects/xframework/node_modules unbuild phantomjs@1.9.2-4
324 verbose /Users/larchanka/Documents/epam-projects/xframework/node_modules/.bin,[object Object] binRoot
325 info postuninstall phantomjs@1.9.2-4
326 silly gunzTarPerm extractEntry which.js
327 silly gunzTarPerm extractEntry bin/which
328 silly gunzTarPerm extractEntry .travis.yml
329 silly gunzTarPerm extractEntry LICENSE.md
330 silly gunzTarPerm extractEntry bin.js
331 silly gunzTarPerm extractEntry rimraf.js
332 silly gunzTarPerm extractEntry index.js
333 silly gunzTarPerm extractEntry .travis.yml
334 silly gunzTarPerm extractEntry kew.js
335 silly gunzTarPerm extractEntry LICENSE.TXT
336 silly gunzTarPerm extractEntry test/chain.js
337 silly gunzTarPerm extractEntry test/context.js
338 silly gunzTarPerm extractEntry test/defer.js
339 silly gunzTarPerm extractEntry test/static.js
340 silly gunzTarPerm extractEntry adm-zip.js
341 silly gunzTarPerm extractEntry sandbox.js
342 silly gunzTarPerm extractEntry zipEntry.js
343 silly gunzTarPerm extractEntry .travis.yml
344 silly gunzTarPerm extractEntry headers/dataHeader.js
345 silly gunzTarPerm extractEntry headers/entryHeader.js
346 silly gunzTarPerm extractEntry headers/index.js
347 silly gunzTarPerm extractEntry headers/mainHeader.js
348 silly gunzTarPerm extractEntry util/constants.js
349 silly gunzTarPerm extractEntry util/errors.js
350 silly gunzTarPerm extractEntry util/fattr.js
351 silly gunzTarPerm extractEntry util/index.js
352 silly gunzTarPerm extractEntry util/utils.js
353 silly gunzTarPerm extractEntry MIT-LICENSE.txt
354 silly gunzTarPerm extractEntry methods/deflater.js
355 silly gunzTarPerm extractEntry methods/index.js
356 silly gunzTarPerm extractEntry methods/inflater.js
357 silly gunzTarPerm extractEntry examples/pow.js
358 silly gunzTarPerm extractEntry readme.markdown
359 silly gunzTarPerm extractEntry bin/ncp
360 silly gunzTarPerm extractEntry lib/ncp.js
361 silly gunzTarPerm extractEntry AUTHORS
362 silly gunzTarPerm extractEntry package/package.json
363 error error rolling back Error: ENOTEMPTY, rmdir '/Users/larchanka/Documents/epam-projects/xframework/node_modules/phantomjs/node_modules/adm-zip'
363 error error rolling back  phantomjs@1.9.2-4 { [Error: ENOTEMPTY, rmdir '/Users/larchanka/Documents/epam-projects/xframework/node_modules/phantomjs/node_modules/adm-zip']
363 error error rolling back   errno: 53,
363 error error rolling back   code: 'ENOTEMPTY',
363 error error rolling back   path: '/Users/larchanka/Documents/epam-projects/xframework/node_modules/phantomjs/node_modules/adm-zip' }
364 error Error: ENOENT, open '/Users/larchanka/Documents/epam-projects/xframework/node_modules/phantomjs/node_modules/npmconf/package.json'
365 error If you need help, you may report this log at:
365 error     <http://github.com/isaacs/npm/issues>
365 error or email it to:
365 error     <npm-@googlegroups.com>
366 error System Darwin 13.0.0
367 error command "node" "/usr/local/bin/npm" "install" "phantomjs"
368 error cwd /Users/larchanka/Documents/epam-projects/xframework
369 error node -v v0.10.21
370 error npm -v 1.3.5
371 error path /Users/larchanka/Documents/epam-projects/xframework/node_modules/phantomjs/node_modules/npmconf/package.json
372 error code ENOENT
373 error errno 34
374 verbose exit [ 34, true ]
